# JRE version: Java(TM) SE Runtime Environment (8.0_131-b11) (build 1.8.0_131-b11)
# Java VM: Java HotSpot(TM) 64-Bit Server VM (25.131-b11 mixed mode windows-amd64 compressed oops)
Heap:
 PSYoungGen      total 79872K, used 45816K [0x00000000eab00000, 0x00000000f0600000, 0x0000000100000000)
  eden space 68608K, 51% used [0x00000000eab00000,0x00000000ecdafea8,0x00000000eee00000)
  from space 11264K, 91% used [0x00000000efa00000,0x00000000f040e390,0x00000000f0500000)
  to   space 12288K, 0% used [0x00000000eee00000,0x00000000eee00000,0x00000000efa00000)
 ParOldGen       total 123392K, used 16870K [0x00000000c0000000, 0x00000000c7880000, 0x00000000eab00000)
  object space 123392K, 13% used [0x00000000c0000000,0x00000000c1079b60,0x00000000c7880000)
 Metaspace       used 46524K, capacity 47658K, committed 47872K, reserved 1091584K
  class space    used 6343K, capacity 6638K, committed 6656K, reserved 1048576K
GC Heap History (10 events):
Event: 16.731 GC heap before
{Heap before GC invocations=12 (full 2):
 PSYoungGen      total 61952K, used 9765K [0x00000000eab00000, 0x00000000ef800000, 0x0000000100000000)
  eden space 50688K, 0% used [0x00000000eab00000,0x00000000eab00000,0x00000000edc80000)
  from space 11264K, 86% used [0x00000000ee880000,0x00000000ef2094c8,0x00000000ef380000)
  to   space 12288K, 0% used [0x00000000edc80000,0x00000000edc80000,0x00000000ee880000)
 ParOldGen       total 74240K, used 8698K [0x00000000c0000000, 0x00000000c4880000, 0x00000000eab00000)
  object space 74240K, 11% used [0x00000000c0000000,0x00000000c087e978,0x00000000c4880000)
 Metaspace       used 34773K, capacity 35326K, committed 35496K, reserved 1079296K
  class space    used 4710K, capacity 4840K, committed 4864K, reserved 1048576K
Event: 16.916 GC heap after
Heap after GC invocations=12 (full 2):
 PSYoungGen      total 61952K, used 0K [0x00000000eab00000, 0x00000000ef800000, 0x0000000100000000)
  eden space 50688K, 0% used [0x00000000eab00000,0x00000000eab00000,0x00000000edc80000)
  from space 11264K, 0% used [0x00000000ee880000,0x00000000ee880000,0x00000000ef380000)
  to   space 12288K, 0% used [0x00000000edc80000,0x00000000edc80000,0x00000000ee880000)
 ParOldGen       total 123392K, used 16774K [0x00000000c0000000, 0x00000000c7880000, 0x00000000eab00000)
  object space 123392K, 13% used [0x00000000c0000000,0x00000000c1061b50,0x00000000c7880000)
 Metaspace       used 34773K, capacity 35326K, committed 35496K, reserved 1079296K
  class space    used 4710K, capacity 4840K, committed 4864K, reserved 1048576K
}
Event: 19.640 GC heap before
{Heap before GC invocations=13 (full 2):
 PSYoungGen      total 61952K, used 50688K [0x00000000eab00000, 0x00000000ef800000, 0x0000000100000000)
  eden space 50688K, 100% used [0x00000000eab00000,0x00000000edc80000,0x00000000edc80000)
  from space 11264K, 0% used [0x00000000ee880000,0x00000000ee880000,0x00000000ef380000)
  to   space 12288K, 0% used [0x00000000edc80000,0x00000000edc80000,0x00000000ee880000)
 ParOldGen       total 123392K, used 16774K [0x00000000c0000000, 0x00000000c7880000, 0x00000000eab00000)
  object space 123392K, 13% used [0x00000000c0000000,0x00000000c1061b50,0x00000000c7880000)
 Metaspace       used 38067K, capacity 38728K, committed 39040K, reserved 1083392K
  class space    used 5255K, capacity 5465K, committed 5504K, reserved 1048576K
Event: 19.649 GC heap after
Heap after GC invocations=13 (full 2):
 PSYoungGen      total 62976K, used 5177K [0x00000000eab00000, 0x00000000efc00000, 0x0000000100000000)
  eden space 50688K, 0% used [0x00000000eab00000,0x00000000eab00000,0x00000000edc80000)
  from space 12288K, 42% used [0x00000000edc80000,0x00000000ee18e518,0x00000000ee880000)
  to   space 11776K, 0% used [0x00000000ef080000,0x00000000ef080000,0x00000000efc00000)
 ParOldGen       total 123392K, used 16782K [0x00000000c0000000, 0x00000000c7880000, 0x00000000eab00000)
  object space 123392K, 13% used [0x00000000c0000000,0x00000000c1063b50,0x00000000c7880000)
 Metaspace       used 38067K, capacity 38728K, committed 39040K, reserved 1083392K
  class space    used 5255K, capacity 5465K, committed 5504K, reserved 1048576K
}
Event: 20.466 GC heap before
{Heap before GC invocations=14 (full 2):
 PSYoungGen      total 62976K, used 55865K [0x00000000eab00000, 0x00000000efc00000, 0x0000000100000000)
  eden space 50688K, 100% used [0x00000000eab00000,0x00000000edc80000,0x00000000edc80000)
  from space 12288K, 42% used [0x00000000edc80000,0x00000000ee18e518,0x00000000ee880000)
  to   space 11776K, 0% used [0x00000000ef080000,0x00000000ef080000,0x00000000efc00000)
 ParOldGen       total 123392K, used 16782K [0x00000000c0000000, 0x00000000c7880000, 0x00000000eab00000)
  object space 123392K, 13% used [0x00000000c0000000,0x00000000c1063b50,0x00000000c7880000)
 Metaspace       used 41335K, capacity 42038K, committed 42240K, reserved 1085440K
  class space    used 5594K, capacity 5830K, committed 5888K, reserved 1048576K
Event: 20.474 GC heap after
Heap after GC invocations=14 (full 2):
 PSYoungGen      total 71168K, used 7060K [0x00000000eab00000, 0x00000000efc00000, 0x0000000100000000)
  eden space 59392K, 0% used [0x00000000eab00000,0x00000000eab00000,0x00000000ee500000)
  from space 11776K, 59% used [0x00000000ef080000,0x00000000ef765318,0x00000000efc00000)
  to   space 11776K, 0% used [0x00000000ee500000,0x00000000ee500000,0x00000000ef080000)
 ParOldGen       total 123392K, used 16790K [0x00000000c0000000, 0x00000000c7880000, 0x00000000eab00000)
  object space 123392K, 13% used [0x00000000c0000000,0x00000000c1065b50,0x00000000c7880000)
 Metaspace       used 41335K, capacity 42038K, committed 42240K, reserved 1085440K
  class space    used 5594K, capacity 5830K, committed 5888K, reserved 1048576K
}
Event: 21.363 GC heap before
{Heap before GC invocations=15 (full 2):
 PSYoungGen      total 71168K, used 66452K [0x00000000eab00000, 0x00000000efc00000, 0x0000000100000000)
  eden space 59392K, 100% used [0x00000000eab00000,0x00000000ee500000,0x00000000ee500000)
  from space 11776K, 59% used [0x00000000ef080000,0x00000000ef765318,0x00000000efc00000)
  to   space 11776K, 0% used [0x00000000ee500000,0x00000000ee500000,0x00000000ef080000)
 ParOldGen       total 123392K, used 16790K [0x00000000c0000000, 0x00000000c7880000, 0x00000000eab00000)
  object space 123392K, 13% used [0x00000000c0000000,0x00000000c1065b50,0x00000000c7880000)
 Metaspace       used 41646K, capacity 42404K, committed 42752K, reserved 1085440K
  class space    used 5611K, capacity 5837K, committed 5888K, reserved 1048576K
Event: 21.371 GC heap after
Heap after GC invocations=15 (full 2):
 PSYoungGen      total 71168K, used 7021K [0x00000000eab00000, 0x00000000f0500000, 0x0000000100000000)
  eden space 59392K, 0% used [0x00000000eab00000,0x00000000eab00000,0x00000000ee500000)
  from space 11776K, 59% used [0x00000000ee500000,0x00000000eebdb5d8,0x00000000ef080000)
  to   space 11264K, 0% used [0x00000000efa00000,0x00000000efa00000,0x00000000f0500000)
 ParOldGen       total 123392K, used 16862K [0x00000000c0000000, 0x00000000c7880000, 0x00000000eab00000)
  object space 123392K, 13% used [0x00000000c0000000,0x00000000c1077b60,0x00000000c7880000)
 Metaspace       used 41646K, capacity 42404K, committed 42752K, reserved 1085440K
  class space    used 5611K, capacity 5837K, committed 5888K, reserved 1048576K
}
Event: 24.565 GC heap before
{Heap before GC invocations=16 (full 2):
 PSYoungGen      total 71168K, used 66413K [0x00000000eab00000, 0x00000000f0500000, 0x0000000100000000)
  eden space 59392K, 100% used [0x00000000eab00000,0x00000000ee500000,0x00000000ee500000)
  from space 11776K, 59% used [0x00000000ee500000,0x00000000eebdb5d8,0x00000000ef080000)
  to   space 11264K, 0% used [0x00000000efa00000,0x00000000efa00000,0x00000000f0500000)
 ParOldGen       total 123392K, used 16862K [0x00000000c0000000, 0x00000000c7880000, 0x00000000eab00000)
  object space 123392K, 13% used [0x00000000c0000000,0x00000000c1077b60,0x00000000c7880000)
 Metaspace       used 44884K, capacity 45878K, committed 46080K, reserved 1089536K
  class space    used 6087K, capacity 6358K, committed 6400K, reserved 1048576K
Event: 24.579 GC heap after
Heap after GC invocations=16 (full 2):
 PSYoungGen      total 79872K, used 10296K [0x00000000eab00000, 0x00000000f0600000, 0x0000000100000000)
  eden space 68608K, 0% used [0x00000000eab00000,0x00000000eab00000,0x00000000eee00000)
  from space 11264K, 91% used [0x00000000efa00000,0x00000000f040e390,0x00000000f0500000)
  to   space 12288K, 0% used [0x00000000eee00000,0x00000000eee00000,0x00000000efa00000)
 ParOldGen       total 123392K, used 16870K [0x00000000c0000000, 0x00000000c7880000, 0x00000000eab00000)
  object space 123392K, 13% used [0x00000000c0000000,0x00000000c1079b60,0x00000000c7880000)
 Metaspace       used 44884K, capacity 45878K, committed 46080K, reserved 1089536K
  class space    used 6087K, capacity 6358K, committed 6400K, reserved 1048576K
}

